<?xml version="1.0" encoding="UTF-8"?>
<!-- Generated by org.testng.reporters.JUnitXMLReporter -->
<testsuite hostname="HP-ProBook" ignored="0" name="Command line test" tests="1" failures="1" timestamp="04 апр 2018 19:09:15 GMT" time="1.821" errors="0">
  <testcase name="testGetSingleUser" time="1.221" classname="com.hashcode.UserTest">
    <failure type="java.lang.IllegalStateException" message="Cannot parse object because no JSON deserializer found in classpath. Please put either Jackson (Databind) or Gson in the classpath.">
      <![CDATA[java.lang.IllegalStateException: Cannot parse object because no JSON deserializer found in classpath. Please put either Jackson (Databind) or Gson in the classpath.at org.codehaus.groovy.runtime.callsite.ConstructorSite$ConstructorSiteNoUnwrapNoCoerce.callConstructor(ConstructorSite.java:105)at org.codehaus.groovy.runtime.callsite.CallSiteArray.defaultCallConstructor(CallSiteArray.java:60)at org.codehaus.groovy.runtime.callsite.AbstractCallSite.callConstructor(AbstractCallSite.java:235)at org.codehaus.groovy.runtime.callsite.AbstractCallSite.callConstructor(AbstractCallSite.java:247)at io.restassured.internal.mapping.ObjectMapping.deserialize(ObjectMapping.groovy:61)at io.restassured.internal.mapping.ObjectMapping$deserialize.call(Unknown Source)at org.codehaus.groovy.runtime.callsite.CallSiteArray.defaultCall(CallSiteArray.java:48)at org.codehaus.groovy.runtime.callsite.AbstractCallSite.call(AbstractCallSite.java:113)at io.restassured.internal.RestAssuredResponseOptionsGroovyImpl.as(RestAssuredResponseOptionsGroovyImpl.groovy:222)at io.restassured.internal.RestAssuredResponseOptionsImpl.as(RestAssuredResponseOptionsImpl.java:164)at com.hashcode.UserTest.testGetSingleUser(UserTest.java:19)... Removed 40 stack frames]]>
    </failure>
  </testcase> <!-- testGetSingleUser -->
</testsuite> <!-- Command line test -->
